<?xml version="1.0" encoding="utf-8"?><testsuites name="pytest tests"><testsuite name="pytest" errors="0" failures="2" skipped="1" tests="11" time="2.616" timestamp="2026-04-23T19:18:25.042294+00:00" hostname="agent-env-1669793c-a4af-495d-b1c0-0beab0794f82"><testcase classname="backend.tests.test_billing_expiry_refactor.TestSubscriberCreateExpiry" name="test_defaults_start_today_expiry_plus_validity" time="0.750" /><testcase classname="backend.tests.test_billing_expiry_refactor.TestSubscriberCreateExpiry" name="test_explicit_start_date_computes_expiry" time="0.052" /><testcase classname="backend.tests.test_billing_expiry_refactor.TestSubscriberCreateExpiry" name="test_generate_first_invoice_true_creates_invoice" time="0.107"><failure message="AssertionError: Expected at least 1 invoice generated&#10;assert 0 &gt;= 1&#10; +  where 0 = len([])">backend/tests/test_billing_expiry_refactor.py:153: in test_generate_first_invoice_true_creates_invoice
    assert len(invoices) &gt;= 1, "Expected at least 1 invoice generated"
E   AssertionError: Expected at least 1 invoice generated
E   assert 0 &gt;= 1
E    +  where 0 = len([])</failure></testcase><testcase classname="backend.tests.test_billing_expiry_refactor.TestSubscriberCreateExpiry" name="test_generate_first_invoice_false_creates_no_invoice" time="0.109" /><testcase classname="backend.tests.test_billing_expiry_refactor.TestMarkPaidExtendsExpiry" name="test_mark_paid_extends_expiry_by_validity" time="0.115"><failure message="AssertionError: No invoice to mark paid&#10;assert []">backend/tests/test_billing_expiry_refactor.py:186: in test_mark_paid_extends_expiry_by_validity
    assert invoices, "No invoice to mark paid"
E   AssertionError: No invoice to mark paid
E   assert []</failure></testcase><testcase classname="backend.tests.test_billing_expiry_refactor.TestMigrationEndpoint" name="test_migrate_endpoint_returns_counts" time="0.061" /><testcase classname="backend.tests.test_billing_expiry_refactor.TestMigrationEndpoint" name="test_migrate_idempotent_second_call_migrates_zero" time="0.097" /><testcase classname="backend.tests.test_billing_expiry_refactor.TestSampleCSV" name="test_sample_csv_has_plan_start_date_headers" time="0.053" /><testcase classname="backend.tests.test_billing_expiry_refactor.TestCronGenerateUpcomingInvoices" name="test_cron_runs_without_error" time="0.477" /><testcase classname="backend.tests.test_billing_expiry_refactor.TestCronGenerateUpcomingInvoices" name="test_cron_skips_far_future_expiry" time="0.155" /><testcase classname="backend.tests.test_billing_expiry_refactor.TestCronGenerateUpcomingInvoices" name="test_cron_creates_invoice_when_in_notice_window" time="0.524"><skipped type="pytest.skip" message="Cron did not create next invoice; notice window may be configured &lt;2 days. Verify auto_invoice_days_before setting.">/app/backend/tests/test_billing_expiry_refactor.py:300: Cron did not create next invoice; notice window may be configured &lt;2 days. Verify auto_invoice_days_before setting.</skipped></testcase></testsuite></testsuites>