<?xml version="1.0" encoding="utf-8"?><testsuites name="pytest tests"><testsuite name="pytest" errors="0" failures="0" skipped="1" tests="11" time="2.808" timestamp="2026-04-23T19:24:49.476043+00:00" hostname="agent-env-1669793c-a4af-495d-b1c0-0beab0794f82"><testcase classname="tests.test_billing_expiry_refactor.TestSubscriberCreateExpiry" name="test_defaults_start_today_expiry_plus_validity" time="0.624" /><testcase classname="tests.test_billing_expiry_refactor.TestSubscriberCreateExpiry" name="test_explicit_start_date_computes_expiry" time="0.059" /><testcase classname="tests.test_billing_expiry_refactor.TestSubscriberCreateExpiry" name="test_generate_first_invoice_true_creates_invoice" time="0.111" /><testcase classname="tests.test_billing_expiry_refactor.TestSubscriberCreateExpiry" name="test_generate_first_invoice_false_creates_no_invoice" time="0.109" /><testcase classname="tests.test_billing_expiry_refactor.TestMarkPaidExtendsExpiry" name="test_mark_paid_extends_expiry_by_validity" time="0.232" /><testcase classname="tests.test_billing_expiry_refactor.TestMigrationEndpoint" name="test_migrate_endpoint_returns_counts" time="0.054" /><testcase classname="tests.test_billing_expiry_refactor.TestMigrationEndpoint" name="test_migrate_idempotent_second_call_migrates_zero" time="0.102" /><testcase classname="tests.test_billing_expiry_refactor.TestSampleCSV" name="test_sample_csv_has_plan_start_date_headers" time="0.053" /><testcase classname="tests.test_billing_expiry_refactor.TestCronGenerateUpcomingInvoices" name="test_cron_runs_without_error" time="0.687" /><testcase classname="tests.test_billing_expiry_refactor.TestCronGenerateUpcomingInvoices" name="test_cron_skips_far_future_expiry" time="0.157" /><testcase classname="tests.test_billing_expiry_refactor.TestCronGenerateUpcomingInvoices" name="test_cron_creates_invoice_when_in_notice_window" time="0.527"><skipped type="pytest.skip" message="Cron did not create next invoice; notice window may be configured &lt;2 days. Verify auto_invoice_days_before setting.">/app/backend/tests/test_billing_expiry_refactor.py:332: Cron did not create next invoice; notice window may be configured &lt;2 days. Verify auto_invoice_days_before setting.</skipped></testcase></testsuite></testsuites>