<?xml version="1.0" encoding="utf-8"?><testsuites name="pytest tests"><testsuite name="pytest" errors="0" failures="0" skipped="0" tests="27" time="6.319" timestamp="2026-03-18T18:03:15.680135+00:00" hostname="agent-env-98ff3444-b43b-4c26-8d4a-57ab7638bd14"><testcase classname="backend.tests.test_billing_refactor.TestAdminAuth" name="test_admin_login_success" time="0.521" /><testcase classname="backend.tests.test_billing_refactor.TestAdminAuth" name="test_operator_login_success" time="0.353" /><testcase classname="backend.tests.test_billing_refactor.TestAdminSaaSPlans" name="test_get_plans_returns_list" time="0.559" /><testcase classname="backend.tests.test_billing_refactor.TestAdminSaaSPlans" name="test_existing_plans_have_monthly_price" time="0.110" /><testcase classname="backend.tests.test_billing_refactor.TestAdminSaaSPlans" name="test_existing_plans_no_legacy_plan_type" time="0.127" /><testcase classname="backend.tests.test_billing_refactor.TestAdminSaaSPlans" name="test_create_plan_monthly_price_1499" time="0.113" /><testcase classname="backend.tests.test_billing_refactor.TestAdminSaaSPlans" name="test_created_plan_persisted_via_get" time="0.105" /><testcase classname="backend.tests.test_billing_refactor.TestAdminSaaSPlans" name="test_update_plan" time="0.086" /><testcase classname="backend.tests.test_billing_refactor.TestAdminSaaSPlans" name="test_get_plan_after_update" time="0.151" /><testcase classname="backend.tests.test_billing_refactor.TestAdminSaaSPlans" name="test_delete_test_plan" time="0.103" /><testcase classname="backend.tests.test_billing_refactor.TestAdminSaaSPlans" name="test_plan_gone_after_delete" time="0.101" /><testcase classname="backend.tests.test_billing_refactor.TestAdminSaaSPlans" name="test_create_plan_requires_auth" time="0.254" /><testcase classname="backend.tests.test_billing_refactor.TestOperatorSubscription" name="test_subscription_loads_200" time="0.707" /><testcase classname="backend.tests.test_billing_refactor.TestOperatorSubscription" name="test_subscription_has_status" time="0.102" /><testcase classname="backend.tests.test_billing_refactor.TestOperatorSubscription" name="test_subscription_has_available_plans" time="0.082" /><testcase classname="backend.tests.test_billing_refactor.TestOperatorSubscription" name="test_available_plans_have_monthly_price" time="0.088" /><testcase classname="backend.tests.test_billing_refactor.TestOperatorSubscription" name="test_subscription_has_per_invoice_price" time="0.077" /><testcase classname="backend.tests.test_billing_refactor.TestOperatorSubscription" name="test_subscription_requires_auth" time="0.210" /><testcase classname="backend.tests.test_billing_refactor.TestOperatorWallet" name="test_wallet_loads_200" time="0.106" /><testcase classname="backend.tests.test_billing_refactor.TestOperatorWallet" name="test_wallet_has_balance" time="0.075" /><testcase classname="backend.tests.test_billing_refactor.TestOperatorWallet" name="test_wallet_requires_auth" time="0.114" /><testcase classname="backend.tests.test_billing_refactor.TestCheckoutCreateOrder" name="test_checkout_requires_plan_id" time="0.082" /><testcase classname="backend.tests.test_billing_refactor.TestCheckoutCreateOrder" name="test_checkout_with_valid_plan_id" time="1.266" /><testcase classname="backend.tests.test_billing_refactor.TestCheckoutCreateOrder" name="test_invalid_item_type" time="0.089" /><testcase classname="backend.tests.test_billing_refactor.TestCheckoutCreateOrder" name="test_checkout_requires_auth" time="0.191" /><testcase classname="backend.tests.test_billing_refactor.TestPaymentHistory" name="test_payment_history_loads" time="0.078" /><testcase classname="backend.tests.test_billing_refactor.TestPaymentHistory" name="test_payment_history_requires_auth" time="0.152" /></testsuite></testsuites>