<?xml version="1.0" encoding="utf-8"?><testsuites name="pytest tests"><testsuite name="pytest" errors="0" failures="0" skipped="0" tests="10" time="4.176" timestamp="2026-04-19T08:42:12.474723+00:00" hostname="agent-env-f59ebd16-26ff-437b-9615-7f16655139e5"><testcase classname="backend.tests.test_cookie_auth.TestCookieLogin" name="test_login_sets_httponly_cookie" time="0.462" /><testcase classname="backend.tests.test_cookie_auth.TestCookieLogin" name="test_invalid_credentials_no_cookie" time="0.370" /><testcase classname="backend.tests.test_cookie_auth.TestCookieAuthenticatedRequests" name="test_me_via_cookie_only" time="0.411" /><testcase classname="backend.tests.test_cookie_auth.TestCookieAuthenticatedRequests" name="test_me_via_bearer_header_still_works" time="0.472" /><testcase classname="backend.tests.test_cookie_auth.TestCookieAuthenticatedRequests" name="test_no_cookie_no_header_returns_401" time="0.133" /><testcase classname="backend.tests.test_cookie_auth.TestCookieAuthenticatedRequests" name="test_protected_endpoint_with_cookie" time="0.410" /><testcase classname="backend.tests.test_cookie_auth.TestLogoutClearsCookie" name="test_logout_clears_cookie_and_invalidates_session" time="0.435" /><testcase classname="backend.tests.test_cookie_auth.TestLogoutClearsCookie" name="test_logout_without_auth_returns_401" time="0.130" /><testcase classname="backend.tests.test_cookie_auth.TestSessionPersistence" name="test_multiple_requests_reuse_cookie" time="0.471" /><testcase classname="backend.tests.test_cookie_auth.TestSessionPersistence" name="test_new_login_invalidates_old_session" time="0.811" /></testsuite></testsuites>