<?xml version="1.0" encoding="utf-8"?><testsuites name="pytest tests"><testsuite name="pytest" errors="0" failures="0" skipped="0" tests="5" time="6.327" timestamp="2026-04-25T22:30:59.461269+00:00" hostname="agent-env-51232a56-f6ed-479c-b9d6-476763b685d5"><testcase classname="backend.tests.test_first_invoice_validity.TestFirstInvoiceValidity" name="test_first_invoice_base_amount_per_validity[monthly]" time="1.727" /><testcase classname="backend.tests.test_first_invoice_validity.TestFirstInvoiceValidity" name="test_first_invoice_base_amount_per_validity[quarterly]" time="1.120" /><testcase classname="backend.tests.test_first_invoice_validity.TestFirstInvoiceValidity" name="test_first_invoice_base_amount_per_validity[half_yearly]" time="1.115" /><testcase classname="backend.tests.test_first_invoice_validity.TestFirstInvoiceValidity" name="test_first_invoice_base_amount_per_validity[yearly]" time="1.117" /><testcase classname="backend.tests.test_first_invoice_validity.TestFirstInvoiceValidity" name="test_mixed_validities_produce_separate_invoices" time="1.172" /></testsuite></testsuites>