<?xml version="1.0" encoding="utf-8"?><testsuites name="pytest tests"><testsuite name="pytest" errors="0" failures="0" skipped="0" tests="5" time="2.653" timestamp="2026-04-19T09:38:12.407013+00:00" hostname="agent-env-f59ebd16-26ff-437b-9615-7f16655139e5"><testcase classname="backend.tests.test_impersonation_cookie.TestImpersonationCookie" name="test_impersonate_sets_httponly_cookie" time="0.567" /><testcase classname="backend.tests.test_impersonation_cookie.TestImpersonationCookie" name="test_me_via_cookie_shows_operator_and_impersonated_by" time="0.475" /><testcase classname="backend.tests.test_impersonation_cookie.TestImpersonationCookie" name="test_return_from_impersonate_cookie" time="0.542" /><testcase classname="backend.tests.test_impersonation_cookie.TestImpersonationCookie" name="test_return_without_impersonation_returns_400" time="0.405" /><testcase classname="backend.tests.test_impersonation_cookie.TestImpersonationCookie" name="test_session_persistence_during_impersonation" time="0.600" /></testsuite></testsuites>