<?xml version="1.0" encoding="utf-8"?><testsuites name="pytest tests"><testsuite name="pytest" errors="0" failures="0" skipped="0" tests="8" time="2.024" timestamp="2026-05-05T22:25:05.255680+00:00" hostname="agent-env-ed348abc-8b0c-40a5-a5af-e1c71d6412da"><testcase classname="tests.test_invoice_plan_sync_e2e" name="test_1a_post_invoice_extends_expiry_forward" time="0.753" /><testcase classname="tests.test_invoice_plan_sync_e2e" name="test_1b_post_invoice_earlier_does_not_rewind" time="0.086" /><testcase classname="tests.test_invoice_plan_sync_e2e" name="test_1c_post_invoice_new_plan_added" time="0.086" /><testcase classname="tests.test_invoice_plan_sync_e2e" name="test_1d_put_invoice_resyncs_plans" time="0.165" /><testcase classname="tests.test_invoice_plan_sync_e2e" name="test_1e_custom_line_items_skipped_via_helper" time="0.001" /><testcase classname="tests.test_invoice_plan_sync_e2e" name="test_regression_mark_paid_no_double_sync" time="0.357" /><testcase classname="tests.test_invoice_plan_sync_e2e" name="test_bug2_bulk_notification_http_enqueues" time="0.072" /><testcase classname="tests.test_invoice_plan_sync_e2e" name="test_bug2_run_bulk_notification_logs_message_id" time="0.015" /></testsuite></testsuites>