<?xml version="1.0" encoding="utf-8"?><testsuites name="pytest tests"><testsuite name="pytest" errors="0" failures="0" skipped="0" tests="11" time="7.730" timestamp="2026-03-04T09:50:21.069542+00:00" hostname="agent-env-a4554de6-ace1-4e5e-9a83-543968cf7026"><testcase classname="backend.tests.test_new_features_iteration4.TestAdminAddonsCRUD" name="test_create_addon" time="0.590" /><testcase classname="backend.tests.test_new_features_iteration4.TestAdminAddonsCRUD" name="test_get_all_addons" time="0.480" /><testcase classname="backend.tests.test_new_features_iteration4.TestAdminAddonsCRUD" name="test_update_addon" time="0.550" /><testcase classname="backend.tests.test_new_features_iteration4.TestAdminAddonsCRUD" name="test_delete_addon" time="0.696" /><testcase classname="backend.tests.test_new_features_iteration4.TestDeleteOperator" name="test_delete_operator_endpoint_exists" time="1.253" /><testcase classname="backend.tests.test_new_features_iteration4.TestSaaSPlanWithAddons" name="test_create_plan_with_included_addons" time="0.782" /><testcase classname="backend.tests.test_new_features_iteration4.TestSaaSPlanWithAddons" name="test_update_plan_with_addons" time="0.901" /><testcase classname="backend.tests.test_new_features_iteration4.TestPaymentGatewayConfig" name="test_get_payment_gateways" time="0.431" /><testcase classname="backend.tests.test_new_features_iteration4.TestPaymentGatewayConfig" name="test_create_payment_gateway" time="0.452" /><testcase classname="backend.tests.test_new_features_iteration4.TestPaymentGatewayConfig" name="test_delete_payment_gateway" time="0.549" /><testcase classname="backend.tests.test_new_features_iteration4.TestCreateOperatorManual" name="test_create_operator_with_all_fields" time="0.910" /></testsuite></testsuites>