<?xml version="1.0" encoding="utf-8"?><testsuites name="pytest tests"><testsuite name="pytest" errors="0" failures="0" skipped="0" tests="8" time="3.211" timestamp="2026-03-10T05:57:23.292661+00:00" hostname="agent-env-a4554de6-ace1-4e5e-9a83-543968cf7026"><testcase classname="backend.tests.test_iteration7_impersonation.TestImpersonationFlow" name="test_01_get_operators_list" time="0.466" /><testcase classname="backend.tests.test_iteration7_impersonation.TestImpersonationFlow" name="test_02_impersonate_operator" time="0.428" /><testcase classname="backend.tests.test_iteration7_impersonation.TestImpersonationFlow" name="test_03_auth_me_returns_impersonated_by" time="0.450" /><testcase classname="backend.tests.test_iteration7_impersonation.TestImpersonationFlow" name="test_04_return_from_impersonate" time="0.525" /><testcase classname="backend.tests.test_iteration7_impersonation.TestImpersonationFlow" name="test_05_return_from_impersonate_fails_without_impersonation" time="0.428" /><testcase classname="backend.tests.test_iteration7_impersonation.TestAuditLogs" name="test_01_get_audit_logs" time="0.435" /><testcase classname="backend.tests.test_iteration7_impersonation.TestAuditLogs" name="test_02_audit_logs_pagination" time="0.426" /><testcase classname="backend.tests.test_iteration7_impersonation.TestWhatsAppEnvKeys" name="test_env_keys_present" time="0.000" /></testsuite></testsuites>