<?xml version="1.0" encoding="utf-8"?><testsuites name="pytest tests"><testsuite name="pytest" errors="0" failures="0" skipped="0" tests="9" time="4.029" timestamp="2026-03-11T19:10:20.146207+00:00" hostname="agent-env-c9359f35-5bb3-46c8-b961-90669b6a2a8a"><testcase classname="backend.tests.test_reminder_feature.TestReminderSettingsEndpoints" name="test_reminder_settings_returns_403_without_addon" time="0.469" /><testcase classname="backend.tests.test_reminder_feature.TestReminderSettingsEndpoints" name="test_reminder_settings_returns_defaults_for_operator_with_addon" time="0.511" /><testcase classname="backend.tests.test_reminder_feature.TestReminderSettingsEndpoints" name="test_put_reminder_settings_saves_correctly" time="0.436" /><testcase classname="backend.tests.test_reminder_feature.TestReminderSettingsEndpoints" name="test_put_reminder_settings_validates_before_due_days" time="0.416" /><testcase classname="backend.tests.test_reminder_feature.TestReminderSettingsEndpoints" name="test_put_reminder_settings_validates_after_due_days" time="0.490" /><testcase classname="backend.tests.test_reminder_feature.TestReminderSettingsEndpoints" name="test_get_reminder_settings_returns_saved_settings" time="0.610" /><testcase classname="backend.tests.test_reminder_feature.TestAdminCronEndpoint" name="test_process_scheduled_reminders_returns_expected_structure" time="0.402" /><testcase classname="backend.tests.test_reminder_feature.TestAdminCronEndpoint" name="test_process_scheduled_reminders_requires_admin" time="0.125" /><testcase classname="backend.tests.test_reminder_feature.TestOperatorFeaturesEndpoint" name="test_features_shows_payment_reminder_for_addon_operator" time="0.429" /></testsuite></testsuites>