<?xml version="1.0" encoding="utf-8"?><testsuites name="pytest tests"><testsuite name="pytest" errors="0" failures="0" skipped="0" tests="33" time="14.556" timestamp="2026-03-18T16:15:56.288950+00:00" hostname="agent-env-c3a049bd-8f70-423e-8c58-867c0d9b2ede"><testcase classname="backend.tests.test_plan_revamp.TestGetSaaSPlans" name="test_get_plans_returns_200" time="0.676" /><testcase classname="backend.tests.test_plan_revamp.TestGetSaaSPlans" name="test_get_plans_returns_list" time="0.122" /><testcase classname="backend.tests.test_plan_revamp.TestGetSaaSPlans" name="test_get_plans_have_plan_type_field" time="0.174" /><testcase classname="backend.tests.test_plan_revamp.TestGetSaaSPlans" name="test_get_plans_have_per_customer_rate_field" time="0.190" /><testcase classname="backend.tests.test_plan_revamp.TestGetSaaSPlans" name="test_get_plans_have_monthly_base_fee_field" time="0.148" /><testcase classname="backend.tests.test_plan_revamp.TestGetSaaSPlans" name="test_basic_plan_has_correct_rate" time="0.126" /><testcase classname="backend.tests.test_plan_revamp.TestGetSaaSPlans" name="test_pro_plan_has_correct_rate" time="0.121" /><testcase classname="backend.tests.test_plan_revamp.TestGetSaaSPlans" name="test_get_plans_returns_401_without_auth" time="0.221" /><testcase classname="backend.tests.test_plan_revamp.TestCreateBasicPlan" name="test_create_basic_plan_returns_201_or_200" time="0.140" /><testcase classname="backend.tests.test_plan_revamp.TestCreateBasicPlan" name="test_create_basic_plan_auto_sets_per_customer_rate_12" time="0.115" /><testcase classname="backend.tests.test_plan_revamp.TestCreateBasicPlan" name="test_create_basic_plan_auto_sets_monthly_base_fee_0" time="0.148" /><testcase classname="backend.tests.test_plan_revamp.TestCreateBasicPlan" name="test_create_basic_plan_auto_sets_platform_fee_0" time="0.180" /><testcase classname="backend.tests.test_plan_revamp.TestCreateBasicPlan" name="test_create_basic_plan_auto_sets_included_addons_empty" time="0.129" /><testcase classname="backend.tests.test_plan_revamp.TestCreateBasicPlan" name="test_create_basic_plan_persists_in_get" time="0.266" /><testcase classname="backend.tests.test_plan_revamp.TestCreateProPlan" name="test_create_pro_plan_returns_200_or_201" time="0.119" /><testcase classname="backend.tests.test_plan_revamp.TestCreateProPlan" name="test_create_pro_plan_auto_sets_per_customer_rate_22" time="0.143" /><testcase classname="backend.tests.test_plan_revamp.TestCreateProPlan" name="test_create_pro_plan_auto_sets_monthly_base_fee_1000" time="0.164" /><testcase classname="backend.tests.test_plan_revamp.TestCreateProPlan" name="test_create_pro_plan_auto_sets_platform_fee_0" time="0.117" /><testcase classname="backend.tests.test_plan_revamp.TestCreateProPlan" name="test_create_pro_plan_auto_includes_all_addons" time="0.229" /><testcase classname="backend.tests.test_plan_revamp.TestCreateProPlan" name="test_create_pro_plan_persists_in_get" time="0.259" /><testcase classname="backend.tests.test_plan_revamp.TestCheckoutOrderPricing" name="test_basic_plan_checkout_returns_200" time="1.525" /><testcase classname="backend.tests.test_plan_revamp.TestCheckoutOrderPricing" name="test_basic_plan_checkout_calculates_correct_base_amount" time="0.905" /><testcase classname="backend.tests.test_plan_revamp.TestCheckoutOrderPricing" name="test_basic_plan_checkout_description_mentions_per_customer" time="0.919" /><testcase classname="backend.tests.test_plan_revamp.TestCheckoutOrderPricing" name="test_pro_plan_checkout_returns_200" time="1.018" /><testcase classname="backend.tests.test_plan_revamp.TestCheckoutOrderPricing" name="test_pro_plan_checkout_calculates_correct_base_amount" time="0.897" /><testcase classname="backend.tests.test_plan_revamp.TestCheckoutOrderPricing" name="test_pro_plan_checkout_description_mentions_base_fee" time="0.918" /><testcase classname="backend.tests.test_plan_revamp.TestCheckoutOrderPricing" name="test_basic_plan_checkout_3_months_multiplied" time="1.145" /><testcase classname="backend.tests.test_plan_revamp.TestCheckoutOrderPricing" name="test_pro_plan_checkout_3_months_multiplied" time="0.902" /><testcase classname="backend.tests.test_plan_revamp.TestCheckoutOrderWalletCredit" name="test_db_has_checkout_orders" time="0.076" /><testcase classname="backend.tests.test_plan_revamp.TestCheckoutOrderWalletCredit" name="test_basic_plan_checkout_order_has_wallet_credit_0" time="0.005" /><testcase classname="backend.tests.test_plan_revamp.TestCheckoutOrderWalletCredit" name="test_pro_plan_checkout_order_has_wallet_credit_proportional" time="0.005" /><testcase classname="backend.tests.test_plan_revamp.TestCheckoutOrderWalletCredit" name="test_basic_plan_checkout_order_base_amount_60" time="0.005" /><testcase classname="backend.tests.test_plan_revamp.TestCheckoutOrderWalletCredit" name="test_pro_plan_checkout_order_base_amount_1110" time="2.330" /></testsuite></testsuites>