<?xml version="1.0" encoding="utf-8"?><testsuites name="pytest tests"><testsuite name="pytest" errors="0" failures="0" skipped="0" tests="23" time="11.030" timestamp="2026-03-01T04:11:42.158180+00:00" hostname="agent-env-a4554de6-ace1-4e5e-9a83-543968cf7026"><testcase classname="backend.tests.test_billing_platform.TestHealthCheck" name="test_health_endpoint" time="0.247" /><testcase classname="backend.tests.test_billing_platform.TestAdminAuth" name="test_admin_login_success" time="0.340" /><testcase classname="backend.tests.test_billing_platform.TestAdminAuth" name="test_admin_dashboard_kpis" time="0.495" /><testcase classname="backend.tests.test_billing_platform.TestAdminOperators" name="test_get_operators_list" time="0.547" /><testcase classname="backend.tests.test_billing_platform.TestAdminOperators" name="test_impersonate_operator" time="0.557" /><testcase classname="backend.tests.test_billing_platform.TestAdminOperators" name="test_suspend_activate_operator" time="0.724" /><testcase classname="backend.tests.test_billing_platform.TestAdminSettings" name="test_get_global_settings" time="0.447" /><testcase classname="backend.tests.test_billing_platform.TestAdminSettings" name="test_get_payment_gateways" time="0.450" /><testcase classname="backend.tests.test_billing_platform.TestAdminSettings" name="test_get_addons" time="0.451" /><testcase classname="backend.tests.test_billing_platform.TestAdminReports" name="test_get_payment_reports" time="0.460" /><testcase classname="backend.tests.test_billing_platform.TestAdminReports" name="test_get_saas_revenue" time="0.466" /><testcase classname="backend.tests.test_billing_platform.TestOperatorAuth" name="test_operator_login_success" time="0.329" /><testcase classname="backend.tests.test_billing_platform.TestOperatorAuth" name="test_operator_dashboard" time="0.475" /><testcase classname="backend.tests.test_billing_platform.TestOperatorCRUD" name="test_crud_plans" time="0.678" /><testcase classname="backend.tests.test_billing_platform.TestOperatorCRUD" name="test_crud_subscribers" time="0.682" /><testcase classname="backend.tests.test_billing_platform.TestOperatorCRUD" name="test_invoice_pdf_download" time="0.692" /><testcase classname="backend.tests.test_billing_platform.TestStaffRole" name="test_staff_login_success" time="0.335" /><testcase classname="backend.tests.test_billing_platform.TestStaffRole" name="test_staff_can_view_subscribers" time="0.449" /><testcase classname="backend.tests.test_billing_platform.TestStaffRole" name="test_staff_can_view_plans" time="0.466" /><testcase classname="backend.tests.test_billing_platform.TestStaffRole" name="test_staff_cannot_delete_plans" time="0.579" /><testcase classname="backend.tests.test_billing_platform.TestStaffRole" name="test_staff_cannot_delete_subscribers" time="0.574" /><testcase classname="backend.tests.test_billing_platform.TestOperatorRegistration" name="test_register_new_operator" time="0.372" /><testcase classname="backend.tests.test_billing_platform.TestLandingPage" name="test_landing_page_loads" time="0.130" /></testsuite></testsuites>