<?xml version="1.0" encoding="utf-8"?><testsuites name="pytest tests"><testsuite name="pytest" errors="0" failures="0" skipped="0" tests="45" time="4.707" timestamp="2026-03-18T16:40:57.724091+00:00" hostname="agent-env-c3a049bd-8f70-423e-8c58-867c0d9b2ede"><testcase classname="backend.tests.test_support_tickets.TestCreateTicket" name="test_create_ticket_success" time="0.620" /><testcase classname="backend.tests.test_support_tickets.TestCreateTicket" name="test_create_ticket_missing_title" time="0.071" /><testcase classname="backend.tests.test_support_tickets.TestCreateTicket" name="test_create_ticket_missing_description" time="0.078" /><testcase classname="backend.tests.test_support_tickets.TestCreateTicket" name="test_create_ticket_invalid_priority" time="0.078" /><testcase classname="backend.tests.test_support_tickets.TestCreateTicket" name="test_create_urgent_ticket" time="0.094" /><testcase classname="backend.tests.test_support_tickets.TestCreateTicket" name="test_create_ticket_requires_auth" time="0.090" /><testcase classname="backend.tests.test_support_tickets.TestListOperatorTickets" name="test_list_tickets_returns_own" time="0.126" /><testcase classname="backend.tests.test_support_tickets.TestListOperatorTickets" name="test_list_tickets_status_filter_open" time="0.082" /><testcase classname="backend.tests.test_support_tickets.TestListOperatorTickets" name="test_list_tickets_status_filter_resolved" time="0.088" /><testcase classname="backend.tests.test_support_tickets.TestListOperatorTickets" name="test_list_tickets_requires_auth" time="0.082" /><testcase classname="backend.tests.test_support_tickets.TestGetTicketDetail" name="test_get_ticket_detail" time="0.072" /><testcase classname="backend.tests.test_support_tickets.TestGetTicketDetail" name="test_get_ticket_detail_not_found" time="0.074" /><testcase classname="backend.tests.test_support_tickets.TestGetTicketDetail" name="test_get_ticket_detail_requires_auth" time="0.187" /><testcase classname="backend.tests.test_support_tickets.TestOperatorReply" name="test_operator_reply_success" time="0.078" /><testcase classname="backend.tests.test_support_tickets.TestOperatorReply" name="test_operator_reply_empty_message" time="0.067" /><testcase classname="backend.tests.test_support_tickets.TestOperatorReply" name="test_operator_reply_requires_auth" time="0.080" /><testcase classname="backend.tests.test_support_tickets.TestOperatorReply" name="test_reply_count_incremented" time="0.077" /><testcase classname="backend.tests.test_support_tickets.TestAdminListTickets" name="test_admin_list_tickets" time="0.372" /><testcase classname="backend.tests.test_support_tickets.TestAdminListTickets" name="test_admin_tickets_have_company_name" time="0.100" /><testcase classname="backend.tests.test_support_tickets.TestAdminListTickets" name="test_admin_filter_by_status_open" time="0.076" /><testcase classname="backend.tests.test_support_tickets.TestAdminListTickets" name="test_admin_filter_by_priority_high" time="0.067" /><testcase classname="backend.tests.test_support_tickets.TestAdminListTickets" name="test_admin_filter_by_priority_urgent" time="0.086" /><testcase classname="backend.tests.test_support_tickets.TestAdminListTickets" name="test_admin_search_tickets" time="0.107" /><testcase classname="backend.tests.test_support_tickets.TestAdminListTickets" name="test_admin_list_requires_auth" time="0.067" /><testcase classname="backend.tests.test_support_tickets.TestAdminListTickets" name="test_operator_cannot_access_admin_endpoint" time="0.072" /><testcase classname="backend.tests.test_support_tickets.TestAdminStats" name="test_stats_returns_correct_fields" time="0.081" /><testcase classname="backend.tests.test_support_tickets.TestAdminStats" name="test_stats_are_non_negative" time="0.070" /><testcase classname="backend.tests.test_support_tickets.TestAdminStats" name="test_stats_open_count_reflects_created_ticket" time="0.071" /><testcase classname="backend.tests.test_support_tickets.TestAdminStats" name="test_stats_requires_auth" time="0.074" /><testcase classname="backend.tests.test_support_tickets.TestAdminGetTicket" name="test_admin_get_ticket_detail" time="0.087" /><testcase classname="backend.tests.test_support_tickets.TestAdminGetTicket" name="test_admin_ticket_has_operator_info" time="0.070" /><testcase classname="backend.tests.test_support_tickets.TestAdminGetTicket" name="test_admin_ticket_replies_include_operator_reply" time="0.080" /><testcase classname="backend.tests.test_support_tickets.TestAdminGetTicket" name="test_admin_get_ticket_not_found" time="0.075" /><testcase classname="backend.tests.test_support_tickets.TestAdminReply" name="test_admin_reply_auto_sets_in_progress" time="0.083" /><testcase classname="backend.tests.test_support_tickets.TestAdminReply" name="test_admin_reply_status_persisted" time="0.068" /><testcase classname="backend.tests.test_support_tickets.TestAdminReply" name="test_admin_reply_empty_message" time="0.088" /><testcase classname="backend.tests.test_support_tickets.TestAdminReply" name="test_admin_reply_requires_auth" time="0.093" /><testcase classname="backend.tests.test_support_tickets.TestAdminUpdateStatus" name="test_update_status_to_resolved" time="0.069" /><testcase classname="backend.tests.test_support_tickets.TestAdminUpdateStatus" name="test_status_update_persisted" time="0.079" /><testcase classname="backend.tests.test_support_tickets.TestAdminUpdateStatus" name="test_update_status_invalid" time="0.079" /><testcase classname="backend.tests.test_support_tickets.TestAdminUpdateStatus" name="test_update_status_to_closed" time="0.081" /><testcase classname="backend.tests.test_support_tickets.TestAdminUpdateStatus" name="test_cannot_reply_to_closed_ticket_operator" time="0.082" /><testcase classname="backend.tests.test_support_tickets.TestAdminUpdateStatus" name="test_cannot_reply_to_closed_ticket_admin" time="0.071" /><testcase classname="backend.tests.test_support_tickets.TestAdminUpdateStatus" name="test_update_status_requires_auth" time="0.103" /><testcase classname="backend.tests.test_support_tickets.TestAdminUpdateStatus" name="test_update_status_not_found" time="0.069" /></testsuite></testsuites>