<?xml version="1.0" encoding="utf-8"?><testsuites name="pytest tests"><testsuite name="pytest" errors="0" failures="0" skipped="0" tests="10" time="3.836" timestamp="2026-04-18T12:39:21.477196+00:00" hostname="agent-env-0ad55796-4dad-42ff-918e-a30031361482"><testcase classname="backend.tests.test_system_reset.TestSystemResetFeature" name="test_request_otp_requires_auth" time="0.276" /><testcase classname="backend.tests.test_system_reset.TestSystemResetFeature" name="test_request_otp_success" time="0.384" /><testcase classname="backend.tests.test_system_reset.TestSystemResetFeature" name="test_execute_reset_requires_auth" time="0.152" /><testcase classname="backend.tests.test_system_reset.TestSystemResetFeature" name="test_execute_reset_without_otp_request" time="0.385" /><testcase classname="backend.tests.test_system_reset.TestSystemResetFeature" name="test_execute_reset_with_invalid_otp" time="0.468" /><testcase classname="backend.tests.test_system_reset.TestSystemResetFeature" name="test_execute_reset_validates_otp_format" time="0.427" /><testcase classname="backend.tests.test_system_reset.TestSystemResetFeature" name="test_reset_endpoints_exist" time="0.467" /><testcase classname="backend.tests.test_system_reset.TestSystemResetFeature" name="test_operator_cannot_access_reset_endpoints" time="0.422" /><testcase classname="backend.tests.test_system_reset.TestSystemResetModel" name="test_otp_field_required" time="0.365" /><testcase classname="backend.tests.test_system_reset.TestSystemResetModel" name="test_otp_accepts_string" time="0.417" /></testsuite></testsuites>