<?xml version="1.0" encoding="utf-8"?><testsuites name="pytest tests"><testsuite name="pytest" errors="0" failures="0" skipped="0" tests="23" time="5.291" timestamp="2026-03-18T15:31:09.161352+00:00" hostname="agent-env-c3a049bd-8f70-423e-8c58-867c0d9b2ede"><testcase classname="backend.tests.test_wallet_referral.TestOperatorWallet" name="test_get_wallet_success" time="0.719" /><testcase classname="backend.tests.test_wallet_referral.TestOperatorWallet" name="test_wallet_has_referral_code_format" time="0.168" /><testcase classname="backend.tests.test_wallet_referral.TestOperatorWallet" name="test_wallet_operator1_referral_code" time="0.133" /><testcase classname="backend.tests.test_wallet_referral.TestOperatorWallet" name="test_wallet_operator2_referred_by_code" time="0.537" /><testcase classname="backend.tests.test_wallet_referral.TestOperatorWallet" name="test_wallet_unauthenticated" time="0.131" /><testcase classname="backend.tests.test_wallet_referral.TestOperatorWallet" name="test_wallet_admin_access_denied" time="0.501" /><testcase classname="backend.tests.test_wallet_referral.TestWalletTransactions" name="test_get_transactions_success" time="0.151" /><testcase classname="backend.tests.test_wallet_referral.TestWalletTransactions" name="test_transactions_pagination" time="0.153" /><testcase classname="backend.tests.test_wallet_referral.TestWalletTransactions" name="test_transactions_unauthenticated" time="0.243" /><testcase classname="backend.tests.test_wallet_referral.TestWalletTransactions" name="test_transaction_fields" time="0.150" /><testcase classname="backend.tests.test_wallet_referral.TestTopupOrder" name="test_topup_below_minimum" time="0.131" /><testcase classname="backend.tests.test_wallet_referral.TestTopupOrder" name="test_topup_above_maximum" time="0.158" /><testcase classname="backend.tests.test_wallet_referral.TestTopupOrder" name="test_topup_no_gateway_configured" time="0.134" /><testcase classname="backend.tests.test_wallet_referral.TestAdminWallets" name="test_admin_get_all_wallets" time="0.130" /><testcase classname="backend.tests.test_wallet_referral.TestAdminWallets" name="test_admin_wallets_sorted_by_balance" time="0.166" /><testcase classname="backend.tests.test_wallet_referral.TestAdminWallets" name="test_admin_wallets_enriched_fields" time="0.141" /><testcase classname="backend.tests.test_wallet_referral.TestAdminWallets" name="test_admin_wallets_unauthenticated" time="0.192" /><testcase classname="backend.tests.test_wallet_referral.TestAdminWallets" name="test_admin_wallets_operator_access_denied" time="0.162" /><testcase classname="backend.tests.test_wallet_referral.TestAdminWallets" name="test_admin_wallet_transactions" time="0.308" /><testcase classname="backend.tests.test_wallet_referral.TestReferralCodeGeneration" name="test_operator1_has_referral_code" time="0.136" /><testcase classname="backend.tests.test_wallet_referral.TestReferralCodeGeneration" name="test_referral_code_format_regex" time="0.148" /><testcase classname="backend.tests.test_wallet_referral.TestReferralCodeGeneration" name="test_operator2_has_referred_by" time="0.152" /><testcase classname="backend.tests.test_wallet_referral.TestReferralCodeGeneration" name="test_referral_reward_active_field" time="0.143" /></testsuite></testsuites>