<?xml version="1.0" encoding="utf-8"?><testsuites name="pytest tests"><testsuite name="pytest" errors="0" failures="0" skipped="0" tests="10" time="3.466" timestamp="2026-04-26T05:34:28.282237+00:00" hostname="agent-env-51232a56-f6ed-479c-b9d6-476763b685d5"><testcase classname="backend.tests.test_whatsapp_webhook_status.TestWebhookVerify" name="test_verify_wrong_token_returns_403" time="0.665" /><testcase classname="backend.tests.test_whatsapp_webhook_status.TestWebhookVerify" name="test_verify_correct_token_echoes_challenge" time="0.172" /><testcase classname="backend.tests.test_whatsapp_webhook_status.TestAdminConfigPreview" name="test_get_returns_masked_verify_token_preview" time="0.109" /><testcase classname="backend.tests.test_whatsapp_webhook_status.TestStatusPipeline" name="test_delivered_event_updates_existing_row" time="0.406" /><testcase classname="backend.tests.test_whatsapp_webhook_status.TestStatusPipeline" name="test_read_event_after_delivered" time="0.444" /><testcase classname="backend.tests.test_whatsapp_webhook_status.TestStatusPipeline" name="test_no_downgrade_read_to_delivered" time="0.416" /><testcase classname="backend.tests.test_whatsapp_webhook_status.TestStatusPipeline" name="test_failed_event_with_error_codes" time="0.411" /><testcase classname="backend.tests.test_whatsapp_webhook_status.TestOrphanEvent" name="test_orphan_creates_placeholder_row" time="0.484" /><testcase classname="backend.tests.test_whatsapp_webhook_status.TestDeliveryStatusFilter" name="test_filter_delivered_only" time="0.108" /><testcase classname="backend.tests.test_whatsapp_webhook_status.TestDeliveryStatusFilter" name="test_filter_read" time="0.121" /></testsuite></testsuites>