<?xml version="1.0" encoding="utf-8"?><testsuites name="pytest tests"><testsuite name="pytest" errors="0" failures="0" skipped="2" tests="23" time="6.844" timestamp="2026-03-11T18:55:31.667004+00:00" hostname="agent-env-c9359f35-5bb3-46c8-b961-90669b6a2a8a"><testcase classname="tests.test_p0_features.TestAdminLogin" name="test_admin_login_success" time="0.459" /><testcase classname="tests.test_p0_features.TestAdminAuditLogs" name="test_get_audit_logs_basic" time="0.541" /><testcase classname="tests.test_p0_features.TestAdminAuditLogs" name="test_audit_logs_pagination" time="0.213" /><testcase classname="tests.test_p0_features.TestAdminAuditLogs" name="test_audit_logs_filter_by_action" time="0.329" /><testcase classname="tests.test_p0_features.TestAdminAuditLogs" name="test_audit_logs_filter_by_role" time="0.164" /><testcase classname="tests.test_p0_features.TestAdminAuditLogs" name="test_audit_logs_filter_by_module" time="0.119" /><testcase classname="tests.test_p0_features.TestAdminAuditLogs" name="test_audit_logs_search" time="0.159" /><testcase classname="tests.test_p0_features.TestAdminAuditLogs" name="test_audit_logs_date_range" time="0.106" /><testcase classname="tests.test_p0_features.TestAdminAuditLogs" name="test_audit_logs_combined_filters" time="0.150" /><testcase classname="tests.test_p0_features.TestAdminCronInvoiceGeneration" name="test_cron_generate_invoices_endpoint" time="0.148" /><testcase classname="tests.test_p0_features.TestAdminCronInvoiceGeneration" name="test_cron_send_reminders_endpoint" time="0.138" /><testcase classname="tests.test_p0_features.TestAdminCronInvoiceGeneration" name="test_cron_check_expiry_endpoint" time="0.157" /><testcase classname="tests.test_p0_features.TestAdminChangePassword" name="test_change_password_wrong_current" time="0.392" /><testcase classname="tests.test_p0_features.TestAdminChangePassword" name="test_change_password_too_short" time="0.335" /><testcase classname="tests.test_p0_features.TestAdminChangePassword" name="test_change_password_success_and_revert" time="1.946" /><testcase classname="tests.test_p0_features.TestBackupDownload" name="test_backup_list" time="0.206" /><testcase classname="tests.test_p0_features.TestBackupDownload" name="test_create_and_download_backup" time="0.296" /><testcase classname="tests.test_p0_features.TestBackupDownload" name="test_download_nonexistent_backup" time="0.177" /><testcase classname="tests.test_p0_features.TestAdminPaymentGatewayDisplay" name="test_get_payment_gateways" time="0.122" /><testcase classname="tests.test_p0_features.TestOperatorInvoiceTemplate" name="test_get_invoice_settings" time="0.116"><skipped type="pytest.skip" message="Operator login failed">/app/backend/tests/test_p0_features.py:347: Operator login failed</skipped></testcase><testcase classname="tests.test_p0_features.TestOperatorInvoiceTemplate" name="test_update_invoice_template" time="0.000"><skipped type="pytest.skip" message="Operator login failed">/app/backend/tests/test_p0_features.py:363: Operator login failed</skipped></testcase><testcase classname="tests.test_p0_features.TestAdminSettings" name="test_get_admin_settings" time="0.134" /><testcase classname="tests.test_p0_features.TestAdminSettings" name="test_update_admin_settings" time="0.229" /></testsuite></testsuites>