<?xml version="1.0" encoding="utf-8"?><testsuites name="pytest tests"><testsuite name="pytest" errors="0" failures="0" skipped="0" tests="12" time="2.755" timestamp="2026-03-05T06:01:00.327892+00:00" hostname="agent-env-a4554de6-ace1-4e5e-9a83-543968cf7026"><testcase classname="backend.tests.test_iteration6_features.TestAnnouncements" name="test_get_announcements" time="0.412" /><testcase classname="backend.tests.test_iteration6_features.TestAnnouncements" name="test_create_announcement_without_whatsapp" time="0.052" /><testcase classname="backend.tests.test_iteration6_features.TestAnnouncements" name="test_create_announcement_with_whatsapp_fails_without_addon" time="0.049" /><testcase classname="backend.tests.test_iteration6_features.TestAnnouncements" name="test_verify_announcement_persisted" time="0.048" /><testcase classname="backend.tests.test_iteration6_features.TestSubscription" name="test_get_subscription" time="0.422" /><testcase classname="backend.tests.test_iteration6_features.TestReportsAPI" name="test_get_revenue_report" time="0.395" /><testcase classname="backend.tests.test_iteration6_features.TestReportsAPI" name="test_get_gst_report" time="0.061" /><testcase classname="backend.tests.test_iteration6_features.TestReportsAPI" name="test_get_invoices_for_csv" time="0.051" /><testcase classname="backend.tests.test_iteration6_features.TestInvoiceSettings" name="test_get_invoice_settings" time="0.394" /><testcase classname="backend.tests.test_iteration6_features.TestInvoiceSettings" name="test_update_invoice_settings" time="0.057" /><testcase classname="backend.tests.test_iteration6_features.TestOperatorProfile" name="test_get_operator_profile" time="0.369" /><testcase classname="backend.tests.test_iteration6_features.TestDashboard" name="test_get_dashboard" time="0.388" /></testsuite></testsuites>